[?1h=[?25l[H[2J(B[mtop - 23:56:46 up  4:56,  0 users,  load average: 0.01, 0.01, 0.00(B[m[39;49m(B[m[39;49m[K
Tasks:(B[m[39;49m[1m   9 (B[m[39;49mtotal,(B[m[39;49m[1m   1 (B[m[39;49mrunning,(B[m[39;49m[1m   8 (B[m[39;49msleeping,(B[m[39;49m[1m   0 (B[m[39;49mstopped,(B[m[39;49m[1m   0 (B[m[39;49mzombie(B[m[39;49m(B[m[39;49m[K
%Cpu(s):(B[m[39;49m[1m  0.0 (B[m[39;49mus,(B[m[39;49m[1m  0.0 (B[m[39;49msy,(B[m[39;49m[1m  0.0 (B[m[39;49mni,(B[m[39;49m[1m100.0 (B[m[39;49mid,(B[m[39;49m[1m  0.0 (B[m[39;49mwa,(B[m[39;49m[1m  0.0 (B[m[39;49mhi,(B[m[39;49m[1m  0.0 (B[m[39;49msi,(B[m[39;49m[1m  0.0 (B[m[39;49mst(B[m[39;49m(B[m[39;49m[K
MiB Mem :(B[m[39;49m[1m   7889.9 (B[m[39;49mtotal,(B[m[39;49m[1m   7500.8 (B[m[39;49mfree,(B[m[39;49m[1m    247.2 (B[m[39;49mused,(B[m[39;49m[1m    141.9 (B[m[39;49mbuff/cache(B[m[39;49m(B[m[39;49m[K
MiB Swap:(B[m[39;49m[1m   2048.0 (B[m[39;49mtotal,(B[m[39;49m[1m   2048.0 (B[m[39;49mfree,(B[m[39;49m[1m      0.0 (B[m[39;49mused.(B[m[39;49m[1m   7442.6 (B[m[39;49mavail Mem (B[m[39;49m(B[m[39;49m[K
[K
[7m  PID USER      PR  NI    VIRT    RES    SHR S  %CPU  %MEM     TIME+ COMMAND                                (B[m[39;49m[K
(B[m    1 root      20   0    1744   1080   1016 S   0.0   0.0   0:00.01 init                                   (B[m[39;49m[K
(B[m    7 root      20   0    1764     68      0 S   0.0   0.0   0:00.00 init                                   (B[m[39;49m[K
(B[m    8 root      20   0    1764     84      0 S   0.0   0.0   0:02.39 init                                   (B[m[39;49m[K
(B[m    9 paloma    20   0   10188   5484   3616 S   0.0   0.1   0:01.21 bash                                   (B[m[39;49m[K
(B[m  522 root      20   0    1764     68      0 S   0.0   0.0   0:00.00 init                                   (B[m[39;49m[K
(B[m  523 root      20   0    1764     84      0 S   0.0   0.0   0:00.01 init                                   (B[m[39;49m[K
(B[m  524 paloma    20   0   10056   5292   3512 S   0.0   0.1   0:00.12 bash                                   (B[m[39;49m[K
(B[m  640 paloma    20   0    8752   3668   3216 S   0.0   0.0   0:00.00 script-iteracao                        (B[m[39;49m[K
(B[m[1m  643 paloma    20   0   10864   3768   3216 R   0.0   0.0   0:00.00 top                                    (B[m[39;49m[K
[J[H(B[mtop - 23:56:49 up  4:56,  0 users,  load average: 0.01, 0.01, 0.00(B[m[39;49m(B[m[39;49m[K


MiB Mem :(B[m[39;49m[1m   7889.9 (B[m[39;49mtotal,(B[m[39;49m[1m   7500.9 (B[m[39;49mfree,(B[m[39;49m[1m    247.1 (B[m[39;49mused,(B[m[39;49m[1m    141.9 (B[m[39;49mbuff/cache(B[m[39;49m(B[m[39;49m[K
MiB Swap:(B[m[39;49m[1m   2048.0 (B[m[39;49mtotal,(B[m[39;49m[1m   2048.0 (B[m[39;49mfree,(B[m[39;49m[1m      0.0 (B[m[39;49mused.(B[m[39;49m[1m   7442.7 (B[m[39;49mavail Mem (B[m[39;49m(B[m[39;49m[K
[K










[J[H(B[mtop - 23:56:52 up  4:56,  0 users,  load average: 0.01, 0.00, 0.00(B[m[39;49m(B[m[39;49m[K




[K










[J[?1l>[52;1H
[?12l[?25h[K